# JRE version: Java(TM) SE Runtime Environment (8.0_181-b13) (build 1.8.0_181-b13)
# Java VM: Java HotSpot(TM) 64-Bit Server VM (25.181-b13 mixed mode windows-amd64 compressed oops)
Heap:
 PSYoungGen      total 136192K, used 25830K [0x0000000776180000, 0x0000000781680000, 0x00000007c0000000)
  eden space 127488K, 15% used [0x0000000776180000,0x000000077748eb78,0x000000077de00000)
  from space 8704K, 72% used [0x000000077e800000,0x000000077ee2adb0,0x000000077f080000)
  to   space 10240K, 0% used [0x000000077de00000,0x000000077de00000,0x000000077e800000)
 ParOldGen       total 143872K, used 15779K [0x00000006e2400000, 0x00000006eb080000, 0x0000000776180000)
  object space 143872K, 10% used [0x00000006e2400000,0x00000006e3368d70,0x00000006eb080000)
 Metaspace       used 39418K, capacity 41028K, committed 41344K, reserved 1085440K
  class space    used 5141K, capacity 5452K, committed 5504K, reserved 1048576K
GC Heap History (10 events):
Event: 2.505 GC heap before
{Heap before GC invocations=6 (full 1):
 PSYoungGen      total 92160K, used 91867K [0x0000000776180000, 0x000000077e000000, 0x00000007c0000000)
  eden space 86528K, 100% used [0x0000000776180000,0x000000077b600000,0x000000077b600000)
  from space 5632K, 94% used [0x000000077da80000,0x000000077dfb6d30,0x000000077e000000)
  to   space 9216K, 0% used [0x000000077ce00000,0x000000077ce00000,0x000000077d700000)
 ParOldGen       total 93696K, used 7427K [0x00000006e2400000, 0x00000006e7f80000, 0x0000000776180000)
  object space 93696K, 7% used [0x00000006e2400000,0x00000006e2b40d58,0x00000006e7f80000)
 Metaspace       used 26283K, capacity 27398K, committed 27648K, reserved 1073152K
  class space    used 3249K, capacity 3473K, committed 3584K, reserved 1048576K
Event: 2.510 GC heap after
Heap after GC invocations=6 (full 1):
 PSYoungGen      total 120320K, used 6235K [0x0000000776180000, 0x000000077f080000, 0x00000007c0000000)
  eden space 111104K, 0% used [0x0000000776180000,0x0000000776180000,0x000000077ce00000)
  from space 9216K, 67% used [0x000000077ce00000,0x000000077d416d70,0x000000077d700000)
  to   space 8704K, 0% used [0x000000077e800000,0x000000077e800000,0x000000077f080000)
 ParOldGen       total 93696K, used 7435K [0x00000006e2400000, 0x00000006e7f80000, 0x0000000776180000)
  object space 93696K, 7% used [0x00000006e2400000,0x00000006e2b42d58,0x00000006e7f80000)
 Metaspace       used 26283K, capacity 27398K, committed 27648K, reserved 1073152K
  class space    used 3249K, capacity 3473K, committed 3584K, reserved 1048576K
}
Event: 3.145 GC heap before
{Heap before GC invocations=7 (full 1):
 PSYoungGen      total 120320K, used 117339K [0x0000000776180000, 0x000000077f080000, 0x00000007c0000000)
  eden space 111104K, 100% used [0x0000000776180000,0x000000077ce00000,0x000000077ce00000)
  from space 9216K, 67% used [0x000000077ce00000,0x000000077d416d70,0x000000077d700000)
  to   space 8704K, 0% used [0x000000077e800000,0x000000077e800000,0x000000077f080000)
 ParOldGen       total 93696K, used 7435K [0x00000006e2400000, 0x00000006e7f80000, 0x0000000776180000)
  object space 93696K, 7% used [0x00000006e2400000,0x00000006e2b42d58,0x00000006e7f80000)
 Metaspace       used 29527K, capacity 30860K, committed 31104K, reserved 1077248K
  class space    used 3649K, capacity 3930K, committed 3968K, reserved 1048576K
Event: 3.153 GC heap after
Heap after GC invocations=7 (full 1):
 PSYoungGen      total 136192K, used 8680K [0x0000000776180000, 0x0000000781680000, 0x00000007c0000000)
  eden space 127488K, 0% used [0x0000000776180000,0x0000000776180000,0x000000077de00000)
  from space 8704K, 99% used [0x000000077e800000,0x000000077f07a288,0x000000077f080000)
  to   space 10240K, 0% used [0x000000077de00000,0x000000077de00000,0x000000077e800000)
 ParOldGen       total 93696K, used 8189K [0x00000006e2400000, 0x00000006e7f80000, 0x0000000776180000)
  object space 93696K, 8% used [0x00000006e2400000,0x00000006e2bff460,0x00000006e7f80000)
 Metaspace       used 29527K, capacity 30860K, committed 31104K, reserved 1077248K
  class space    used 3649K, capacity 3930K, committed 3968K, reserved 1048576K
}
Event: 3.847 GC heap before
{Heap before GC invocations=8 (full 1):
 PSYoungGen      total 136192K, used 111164K [0x0000000776180000, 0x0000000781680000, 0x00000007c0000000)
  eden space 127488K, 80% used [0x0000000776180000,0x000000077c594fc0,0x000000077de00000)
  from space 8704K, 99% used [0x000000077e800000,0x000000077f07a288,0x000000077f080000)
  to   space 10240K, 0% used [0x000000077de00000,0x000000077de00000,0x000000077e800000)
 ParOldGen       total 93696K, used 8189K [0x00000006e2400000, 0x00000006e7f80000, 0x0000000776180000)
  object space 93696K, 8% used [0x00000006e2400000,0x00000006e2bff460,0x00000006e7f80000)
 Metaspace       used 33740K, capacity 35244K, committed 35416K, reserved 1081344K
  class space    used 4215K, capacity 4498K, committed 4608K, reserved 1048576K
Event: 4.990 GC heap after
Heap after GC invocations=8 (full 1):
 PSYoungGen      total 137728K, used 10235K [0x0000000776180000, 0x0000000781680000, 0x00000007c0000000)
  eden space 127488K, 0% used [0x0000000776180000,0x0000000776180000,0x000000077de00000)
  from space 10240K, 99% used [0x000000077de00000,0x000000077e7fedd0,0x000000077e800000)
  to   space 8704K, 0% used [0x000000077e800000,0x000000077e800000,0x000000077f080000)
 ParOldGen       total 93696K, used 8932K [0x00000006e2400000, 0x00000006e7f80000, 0x0000000776180000)
  object space 93696K, 9% used [0x00000006e2400000,0x00000006e2cb9038,0x00000006e7f80000)
 Metaspace       used 33740K, capacity 35244K, committed 35416K, reserved 1081344K
  class space    used 4215K, capacity 4498K, committed 4608K, reserved 1048576K
}
Event: 4.990 GC heap before
{Heap before GC invocations=9 (full 2):
 PSYoungGen      total 137728K, used 10235K [0x0000000776180000, 0x0000000781680000, 0x00000007c0000000)
  eden space 127488K, 0% used [0x0000000776180000,0x0000000776180000,0x000000077de00000)
  from space 10240K, 99% used [0x000000077de00000,0x000000077e7fedd0,0x000000077e800000)
  to   space 8704K, 0% used [0x000000077e800000,0x000000077e800000,0x000000077f080000)
 ParOldGen       total 93696K, used 8932K [0x00000006e2400000, 0x00000006e7f80000, 0x0000000776180000)
  object space 93696K, 9% used [0x00000006e2400000,0x00000006e2cb9038,0x00000006e7f80000)
 Metaspace       used 33740K, capacity 35244K, committed 35416K, reserved 1081344K
  class space    used 4215K, capacity 4498K, committed 4608K, reserved 1048576K
Event: 5.018 GC heap after
Heap after GC invocations=9 (full 2):
 PSYoungGen      total 137728K, used 0K [0x0000000776180000, 0x0000000781680000, 0x00000007c0000000)
  eden space 127488K, 0% used [0x0000000776180000,0x0000000776180000,0x000000077de00000)
  from space 10240K, 0% used [0x000000077de00000,0x000000077de00000,0x000000077e800000)
  to   space 8704K, 0% used [0x000000077e800000,0x000000077e800000,0x000000077f080000)
 ParOldGen       total 143872K, used 15771K [0x00000006e2400000, 0x00000006eb080000, 0x0000000776180000)
  object space 143872K, 10% used [0x00000006e2400000,0x00000006e3366d70,0x00000006eb080000)
 Metaspace       used 33740K, capacity 35244K, committed 35416K, reserved 1081344K
  class space    used 4215K, capacity 4498K, committed 4608K, reserved 1048576K
}
Event: 5.660 GC heap before
{Heap before GC invocations=10 (full 2):
 PSYoungGen      total 137728K, used 127488K [0x0000000776180000, 0x0000000781680000, 0x00000007c0000000)
  eden space 127488K, 100% used [0x0000000776180000,0x000000077de00000,0x000000077de00000)
  from space 10240K, 0% used [0x000000077de00000,0x000000077de00000,0x000000077e800000)
  to   space 8704K, 0% used [0x000000077e800000,0x000000077e800000,0x000000077f080000)
 ParOldGen       total 143872K, used 15771K [0x00000006e2400000, 0x00000006eb080000, 0x0000000776180000)
  object space 143872K, 10% used [0x00000006e2400000,0x00000006e3366d70,0x00000006eb080000)
 Metaspace       used 38329K, capacity 39948K, committed 40192K, reserved 1083392K
  class space    used 5017K, capacity 5338K, committed 5376K, reserved 1048576K
Event: 7.688 GC heap after
Heap after GC invocations=10 (full 2):
 PSYoungGen      total 136192K, used 6315K [0x0000000776180000, 0x0000000781680000, 0x00000007c0000000)
  eden space 127488K, 0% used [0x0000000776180000,0x0000000776180000,0x000000077de00000)
  from space 8704K, 72% used [0x000000077e800000,0x000000077ee2adb0,0x000000077f080000)
  to   space 10240K, 0% used [0x000000077de00000,0x000000077de00000,0x000000077e800000)
 ParOldGen       total 143872K, used 15779K [0x00000006e2400000, 0x00000006eb080000, 0x0000000776180000)
  object space 143872K, 10% used [0x00000006e2400000,0x00000006e3368d70,0x00000006eb080000)
 Metaspace       used 38329K, capacity 39948K, committed 40192K, reserved 1083392K
  class space    used 5017K, capacity 5338K, committed 5376K, reserved 1048576K
}

